<?xml version="1.0" encoding="UTF-8"?>
<TestRun id="69537a8e-70f4-4219-90a9-1da7fa001092" name="nickh@CHANGE-L0231 2009-07-28 22:41:57" runUser="CHANGE\nickh" xmlns="http://microsoft.com/schemas/VisualStudio/TeamTest/2006">
  <TestRunConfiguration name="Local Test Run" id="990d52ff-4ff7-43d3-ad1d-c0cb25c2b396">
    <Description>This is a default test run configuration for a local test run.</Description>
    <Deployment runDeploymentRoot="C:\Projects\Paddle\src\TestResults\nickh_CHANGE-L0231 2009-07-28 22_41_57">
      <DeploymentItem filename="C:\Projects\Paddle\src\Paddle\bin\Debug\Paddle.dll" />
    </Deployment>
    <TestTypeSpecific />
  </TestRunConfiguration>
  <ResultSummary outcome="Completed">
    <Counters total="1" executed="1" passed="1" error="0" failed="0" timeout="0" aborted="0" inconclusive="0" passedButRunAborted="0" notRunnable="0" notExecuted="0" disconnected="0" warning="0" completed="0" inProgress="0" pending="0" />
  </ResultSummary>
  <Times creation="2009-07-28T22:41:57.7000000+08:00" queuing="2009-07-28T22:41:58.0300000+08:00" start="2009-07-28T22:41:58.0980000+08:00" finish="2009-07-28T22:41:58.7150000+08:00" />
  <TestDefinitions>
    <UnitTest name="CannotSubscribeFromWithinPublish" storage="c:\projects\paddle\paddle.test\bin\debug\paddle.test.dll" id="21593949-431d-b295-d8e8-e11c1b2d7933">
      <Css projectStructure="" iteration="" />
      <Owners>
        <Owner name="" />
      </Owners>
      <Execution id="88da24aa-8a38-40ad-9fe9-d8d04b4084a9" />
      <TestMethod codeBase="C:\Projects\Paddle\Paddle.Test\bin\Debug\Paddle.Test.dll" adapterTypeName="Microsoft.VisualStudio.TestTools.TestTypes.Unit.UnitTestAdapter, Microsoft.VisualStudio.QualityTools.Tips.UnitTest.Adapter, Version=9.0.0.0, Culture=neutral, PublicKeyToken=b03f5f7f11d50a3a" className="Paddle.BusTest, Paddle.Test" name="CannotSubscribeFromWithinPublish" />
    </UnitTest>
  </TestDefinitions>
  <TestLists>
    <TestList name="Results Not in a List" id="8c84fa94-04c1-424b-9868-57a2d4851a1d" />
    <TestList name="All Loaded Results" id="19431567-8539-422a-85d7-44ee4e166bda" />
  </TestLists>
  <TestEntries>
    <TestEntry testId="21593949-431d-b295-d8e8-e11c1b2d7933" executionId="88da24aa-8a38-40ad-9fe9-d8d04b4084a9" testListId="8c84fa94-04c1-424b-9868-57a2d4851a1d" />
  </TestEntries>
  <Results>
    <UnitTestResult executionId="88da24aa-8a38-40ad-9fe9-d8d04b4084a9" testId="21593949-431d-b295-d8e8-e11c1b2d7933" testName="CannotSubscribeFromWithinPublish" computerName="CHANGE-L0231" duration="00:00:00.0332700" startTime="2009-07-28T22:41:58.1310000+08:00" endTime="2009-07-28T22:41:58.7050000+08:00" testType="13cdc9d9-ddb5-4fa4-a97d-d965ccfc6d4b" outcome="Passed" testListId="8c84fa94-04c1-424b-9868-57a2d4851a1d">
      <Output>
        <StdOut>Dog</StdOut>
      </Output>
    </UnitTestResult>
  </Results>
</TestRun>