<?xml version="1.0" encoding="UTF-8"?>
<TestRun id="fda18b15-afcc-46bf-98a2-d4b8457cdb68" name="nickh@CHANGE-L0231 2009-07-28 22:42:11" runUser="CHANGE\nickh" xmlns="http://microsoft.com/schemas/VisualStudio/TeamTest/2006">
  <TestRunConfiguration name="Local Test Run" id="990d52ff-4ff7-43d3-ad1d-c0cb25c2b396">
    <Description>This is a default test run configuration for a local test run.</Description>
    <Deployment runDeploymentRoot="C:\Projects\Paddle\src\TestResults\nickh_CHANGE-L0231 2009-07-28 22_42_11">
      <DeploymentItem filename="C:\Projects\Paddle\src\Paddle\bin\Debug\Paddle.dll" />
    </Deployment>
    <TestTypeSpecific />
  </TestRunConfiguration>
  <ResultSummary outcome="Completed">
    <Counters total="1" executed="1" passed="1" error="0" failed="0" timeout="0" aborted="0" inconclusive="0" passedButRunAborted="0" notRunnable="0" notExecuted="0" disconnected="0" warning="0" completed="0" inProgress="0" pending="0" />
  </ResultSummary>
  <Times creation="2009-07-28T22:42:11.7150000+08:00" queuing="2009-07-28T22:42:12.1040000+08:00" start="2009-07-28T22:42:12.1170000+08:00" finish="2009-07-28T22:42:12.8560000+08:00" />
  <TestDefinitions>
    <UnitTest name="CanUnsubscibe" storage="c:\projects\paddle\paddle.test\bin\debug\paddle.test.dll" id="40ab2078-0261-56e9-5871-30bfe9e8400a">
      <Css projectStructure="" iteration="" />
      <Owners>
        <Owner name="" />
      </Owners>
      <Execution id="1f020648-2796-4ce6-91ad-7030331c22e2" />
      <TestMethod codeBase="C:\Projects\Paddle\Paddle.Test\bin\Debug\Paddle.Test.dll" adapterTypeName="Microsoft.VisualStudio.TestTools.TestTypes.Unit.UnitTestAdapter, Microsoft.VisualStudio.QualityTools.Tips.UnitTest.Adapter, Version=9.0.0.0, Culture=neutral, PublicKeyToken=b03f5f7f11d50a3a" className="Paddle.BusTest, Paddle.Test" name="CanUnsubscibe" />
    </UnitTest>
  </TestDefinitions>
  <TestLists>
    <TestList name="Results Not in a List" id="8c84fa94-04c1-424b-9868-57a2d4851a1d" />
    <TestList name="All Loaded Results" id="19431567-8539-422a-85d7-44ee4e166bda" />
  </TestLists>
  <TestEntries>
    <TestEntry testId="40ab2078-0261-56e9-5871-30bfe9e8400a" executionId="1f020648-2796-4ce6-91ad-7030331c22e2" testListId="8c84fa94-04c1-424b-9868-57a2d4851a1d" />
  </TestEntries>
  <Results>
    <UnitTestResult executionId="1f020648-2796-4ce6-91ad-7030331c22e2" testId="40ab2078-0261-56e9-5871-30bfe9e8400a" testName="CanUnsubscibe" computerName="CHANGE-L0231" duration="00:00:00.0699110" startTime="2009-07-28T22:42:12.2270000+08:00" endTime="2009-07-28T22:42:12.7890000+08:00" testType="13cdc9d9-ddb5-4fa4-a97d-d965ccfc6d4b" outcome="Passed" testListId="8c84fa94-04c1-424b-9868-57a2d4851a1d">
      <Output>
      </Output>
    </UnitTestResult>
  </Results>
</TestRun>