<?xml version="1.0" encoding="UTF-8"?>
<TestRun id="ef6093a5-368b-4d11-b216-aee953f18c6e" name="nickh@CHANGE-L0231 2009-07-28 22:39:30" runUser="CHANGE\nickh" xmlns="http://microsoft.com/schemas/VisualStudio/TeamTest/2006">
  <TestRunConfiguration name="Local Test Run" id="990d52ff-4ff7-43d3-ad1d-c0cb25c2b396">
    <Description>This is a default test run configuration for a local test run.</Description>
    <Deployment runDeploymentRoot="C:\Projects\Paddle\src\TestResults\nickh_CHANGE-L0231 2009-07-28 22_39_30">
      <DeploymentItem filename="C:\Projects\Paddle\src\Paddle\bin\Debug\Paddle.dll" />
    </Deployment>
    <TestTypeSpecific />
  </TestRunConfiguration>
  <ResultSummary outcome="Failed">
    <Counters total="4" executed="4" passed="1" error="0" failed="3" timeout="0" aborted="0" inconclusive="0" passedButRunAborted="0" notRunnable="0" notExecuted="0" disconnected="0" warning="0" completed="0" inProgress="0" pending="0" />
  </ResultSummary>
  <Times creation="2009-07-28T22:39:30.8560000+08:00" queuing="2009-07-28T22:39:31.1910000+08:00" start="2009-07-28T22:39:31.2030000+08:00" finish="2009-07-28T22:39:31.8740000+08:00" />
  <TestDefinitions>
    <UnitTest name="CanPublishSubscribe" storage="c:\projects\paddle\paddle.test\bin\debug\paddle.test.dll" id="bc1a2ae7-5d58-4235-5dc3-8d7b7e36fb80">
      <Css projectStructure="" iteration="" />
      <Owners>
        <Owner name="" />
      </Owners>
      <Execution id="be8cfaf7-f5db-4294-bfe8-bef38cf2b8d7" />
      <TestMethod codeBase="C:\Projects\Paddle\Paddle.Test\bin\Debug\Paddle.Test.dll" adapterTypeName="Microsoft.VisualStudio.TestTools.TestTypes.Unit.UnitTestAdapter, Microsoft.VisualStudio.QualityTools.Tips.UnitTest.Adapter, Version=9.0.0.0, Culture=neutral, PublicKeyToken=b03f5f7f11d50a3a" className="Paddle.BusTest, Paddle.Test" name="CanPublishSubscribe" />
    </UnitTest>
    <UnitTest name="CannotUnsubscribeFromWithinPublish" storage="c:\projects\paddle\paddle.test\bin\debug\paddle.test.dll" id="8444c13e-e90d-3e2b-618f-75773a62405d">
      <Css projectStructure="" iteration="" />
      <Owners>
        <Owner name="" />
      </Owners>
      <Execution id="3e0604b6-a356-4766-9fa5-e5c9600174eb" />
      <TestMethod codeBase="C:\Projects\Paddle\Paddle.Test\bin\Debug\Paddle.Test.dll" adapterTypeName="Microsoft.VisualStudio.TestTools.TestTypes.Unit.UnitTestAdapter, Microsoft.VisualStudio.QualityTools.Tips.UnitTest.Adapter, Version=9.0.0.0, Culture=neutral, PublicKeyToken=b03f5f7f11d50a3a" className="Paddle.BusTest, Paddle.Test" name="CannotUnsubscribeFromWithinPublish" />
    </UnitTest>
    <UnitTest name="CannotSubscribeFromWithinPublish" storage="c:\projects\paddle\paddle.test\bin\debug\paddle.test.dll" id="21593949-431d-b295-d8e8-e11c1b2d7933">
      <Css projectStructure="" iteration="" />
      <Owners>
        <Owner name="" />
      </Owners>
      <Execution id="1d1f192d-a386-4473-b096-fb04e5ca6e71" />
      <TestMethod codeBase="C:\Projects\Paddle\Paddle.Test\bin\Debug\Paddle.Test.dll" adapterTypeName="Microsoft.VisualStudio.TestTools.TestTypes.Unit.UnitTestAdapter, Microsoft.VisualStudio.QualityTools.Tips.UnitTest.Adapter, Version=9.0.0.0, Culture=neutral, PublicKeyToken=b03f5f7f11d50a3a" className="Paddle.BusTest, Paddle.Test" name="CannotSubscribeFromWithinPublish" />
    </UnitTest>
    <UnitTest name="CanUnsubscibe" storage="c:\projects\paddle\paddle.test\bin\debug\paddle.test.dll" id="40ab2078-0261-56e9-5871-30bfe9e8400a">
      <Css projectStructure="" iteration="" />
      <Owners>
        <Owner name="" />
      </Owners>
      <Execution id="32373478-849a-402f-9244-193681088dd0" />
      <TestMethod codeBase="C:\Projects\Paddle\Paddle.Test\bin\Debug\Paddle.Test.dll" adapterTypeName="Microsoft.VisualStudio.TestTools.TestTypes.Unit.UnitTestAdapter, Microsoft.VisualStudio.QualityTools.Tips.UnitTest.Adapter, Version=9.0.0.0, Culture=neutral, PublicKeyToken=b03f5f7f11d50a3a" className="Paddle.BusTest, Paddle.Test" name="CanUnsubscibe" />
    </UnitTest>
  </TestDefinitions>
  <TestLists>
    <TestList name="Results Not in a List" id="8c84fa94-04c1-424b-9868-57a2d4851a1d" />
    <TestList name="All Loaded Results" id="19431567-8539-422a-85d7-44ee4e166bda" />
  </TestLists>
  <TestEntries>
    <TestEntry testId="21593949-431d-b295-d8e8-e11c1b2d7933" executionId="1d1f192d-a386-4473-b096-fb04e5ca6e71" testListId="8c84fa94-04c1-424b-9868-57a2d4851a1d" />
    <TestEntry testId="8444c13e-e90d-3e2b-618f-75773a62405d" executionId="3e0604b6-a356-4766-9fa5-e5c9600174eb" testListId="8c84fa94-04c1-424b-9868-57a2d4851a1d" />
    <TestEntry testId="bc1a2ae7-5d58-4235-5dc3-8d7b7e36fb80" executionId="be8cfaf7-f5db-4294-bfe8-bef38cf2b8d7" testListId="8c84fa94-04c1-424b-9868-57a2d4851a1d" />
    <TestEntry testId="40ab2078-0261-56e9-5871-30bfe9e8400a" executionId="32373478-849a-402f-9244-193681088dd0" testListId="8c84fa94-04c1-424b-9868-57a2d4851a1d" />
  </TestEntries>
  <Results>
    <UnitTestResult executionId="1d1f192d-a386-4473-b096-fb04e5ca6e71" testId="21593949-431d-b295-d8e8-e11c1b2d7933" testName="CannotSubscribeFromWithinPublish" computerName="CHANGE-L0231" duration="00:00:00.0340568" startTime="2009-07-28T22:39:31.2590000+08:00" endTime="2009-07-28T22:39:31.7960000+08:00" testType="13cdc9d9-ddb5-4fa4-a97d-d965ccfc6d4b" outcome="Passed" testListId="8c84fa94-04c1-424b-9868-57a2d4851a1d">
      <Output>
        <StdOut>Dog</StdOut>
      </Output>
    </UnitTestResult>
    <UnitTestResult executionId="3e0604b6-a356-4766-9fa5-e5c9600174eb" testId="8444c13e-e90d-3e2b-618f-75773a62405d" testName="CannotUnsubscribeFromWithinPublish" computerName="CHANGE-L0231" duration="00:00:00.0107053" startTime="2009-07-28T22:39:31.7980000+08:00" endTime="2009-07-28T22:39:31.8110000+08:00" testType="13cdc9d9-ddb5-4fa4-a97d-d965ccfc6d4b" outcome="Failed" testListId="8c84fa94-04c1-424b-9868-57a2d4851a1d">
      <Output>
        <ErrorInfo>
          <Message>Test method Paddle.BusTest.CannotUnsubscribeFromWithinPublish threw exception System.ArgumentNullException, but exception Paddle.PaddleException was expected. Exception message:  System.ArgumentNullException: Value cannot be null.
Attempting to Unsubscribe from within a Publish will result in a deadlock</Message>
          <StackTrace>    at System.Threading.Monitor.Enter(Object obj)
   at Paddle.Scopes.ScopeStack`1.get_Stack() in C:\Projects\Paddle\src\Paddle\Scopes\ScopeStack.cs:line 54
   at Paddle.Scopes.ScopeStack`1.Peek() in C:\Projects\Paddle\src\Paddle\Scopes\ScopeStack.cs:line 88
   at Paddle.Bus.Subscribe[TNotification](Action`2 handler) in C:\Projects\Paddle\src\Paddle\Bus\Bus.cs:line 102
   at Paddle.BusTest.CannotUnsubscribeFromWithinPublish() in C:\Projects\Paddle\Paddle.Test\BusTest.cs:line 74
</StackTrace>
        </ErrorInfo>
      </Output>
    </UnitTestResult>
    <UnitTestResult executionId="be8cfaf7-f5db-4294-bfe8-bef38cf2b8d7" testId="bc1a2ae7-5d58-4235-5dc3-8d7b7e36fb80" testName="CanPublishSubscribe" computerName="CHANGE-L0231" duration="00:00:00.0015851" startTime="2009-07-28T22:39:31.8130000+08:00" endTime="2009-07-28T22:39:31.8240000+08:00" testType="13cdc9d9-ddb5-4fa4-a97d-d965ccfc6d4b" outcome="Failed" testListId="8c84fa94-04c1-424b-9868-57a2d4851a1d">
      <Output>
        <ErrorInfo>
          <Message>Test method Paddle.BusTest.CanPublishSubscribe threw exception:  System.ArgumentNullException: Value cannot be null..</Message>
          <StackTrace>    at System.Threading.Monitor.Enter(Object obj)
   at Paddle.Scopes.ScopeStack`1.get_Stack() in C:\Projects\Paddle\src\Paddle\Scopes\ScopeStack.cs:line 54
   at Paddle.Scopes.ScopeStack`1.Peek() in C:\Projects\Paddle\src\Paddle\Scopes\ScopeStack.cs:line 88
   at Paddle.Bus.Subscribe[TNotification](Action`2 handler) in C:\Projects\Paddle\src\Paddle\Bus\Bus.cs:line 102
   at Paddle.BusTest.CanPublishSubscribe() in C:\Projects\Paddle\Paddle.Test\BusTest.cs:line 23
</StackTrace>
        </ErrorInfo>
      </Output>
    </UnitTestResult>
    <UnitTestResult executionId="32373478-849a-402f-9244-193681088dd0" testId="40ab2078-0261-56e9-5871-30bfe9e8400a" testName="CanUnsubscibe" computerName="CHANGE-L0231" duration="00:00:00.0012075" startTime="2009-07-28T22:39:31.8250000+08:00" endTime="2009-07-28T22:39:31.8300000+08:00" testType="13cdc9d9-ddb5-4fa4-a97d-d965ccfc6d4b" outcome="Failed" testListId="8c84fa94-04c1-424b-9868-57a2d4851a1d">
      <Output>
        <ErrorInfo>
          <Message>Test method Paddle.BusTest.CanUnsubscibe threw exception:  System.ArgumentNullException: Value cannot be null..</Message>
          <StackTrace>    at System.Threading.Monitor.Enter(Object obj)
   at Paddle.Scopes.ScopeStack`1.get_Stack() in C:\Projects\Paddle\src\Paddle\Scopes\ScopeStack.cs:line 54
   at Paddle.Scopes.ScopeStack`1.Peek() in C:\Projects\Paddle\src\Paddle\Scopes\ScopeStack.cs:line 88
   at Paddle.Bus.Subscribe[TNotification](Action`2 handler) in C:\Projects\Paddle\src\Paddle\Bus\Bus.cs:line 102
   at Paddle.BusTest.CanUnsubscibe() in C:\Projects\Paddle\Paddle.Test\BusTest.cs:line 101
</StackTrace>
        </ErrorInfo>
      </Output>
    </UnitTestResult>
  </Results>
</TestRun>