<?xml version="1.0" encoding="UTF-8"?>
<TestRun id="5068b11b-1325-49bb-b077-9ea9f13f1228" name="nickh@CHANGE-L0231 2009-07-28 22:41:52" runUser="CHANGE\nickh" xmlns="http://microsoft.com/schemas/VisualStudio/TeamTest/2006">
  <TestRunConfiguration name="Local Test Run" id="990d52ff-4ff7-43d3-ad1d-c0cb25c2b396">
    <Description>This is a default test run configuration for a local test run.</Description>
    <Deployment runDeploymentRoot="C:\Projects\Paddle\src\TestResults\nickh_CHANGE-L0231 2009-07-28 22_41_52">
      <DeploymentItem filename="C:\Projects\Paddle\src\Paddle\bin\Debug\Paddle.dll" />
    </Deployment>
    <TestTypeSpecific />
  </TestRunConfiguration>
  <ResultSummary outcome="Completed">
    <Counters total="1" executed="1" passed="1" error="0" failed="0" timeout="0" aborted="0" inconclusive="0" passedButRunAborted="0" notRunnable="0" notExecuted="0" disconnected="0" warning="0" completed="0" inProgress="0" pending="0" />
  </ResultSummary>
  <Times creation="2009-07-28T22:41:52.1820000+08:00" queuing="2009-07-28T22:41:52.5050000+08:00" start="2009-07-28T22:41:52.5170000+08:00" finish="2009-07-28T22:41:53.1190000+08:00" />
  <TestDefinitions>
    <UnitTest name="CanPublishSubscribe" storage="c:\projects\paddle\paddle.test\bin\debug\paddle.test.dll" id="bc1a2ae7-5d58-4235-5dc3-8d7b7e36fb80">
      <Css projectStructure="" iteration="" />
      <Owners>
        <Owner name="" />
      </Owners>
      <Execution id="23c0873d-82c0-48af-ac36-8ab8a9c8de93" />
      <TestMethod codeBase="C:\Projects\Paddle\Paddle.Test\bin\Debug\Paddle.Test.dll" adapterTypeName="Microsoft.VisualStudio.TestTools.TestTypes.Unit.UnitTestAdapter, Microsoft.VisualStudio.QualityTools.Tips.UnitTest.Adapter, Version=9.0.0.0, Culture=neutral, PublicKeyToken=b03f5f7f11d50a3a" className="Paddle.BusTest, Paddle.Test" name="CanPublishSubscribe" />
    </UnitTest>
  </TestDefinitions>
  <TestLists>
    <TestList name="Results Not in a List" id="8c84fa94-04c1-424b-9868-57a2d4851a1d" />
    <TestList name="All Loaded Results" id="19431567-8539-422a-85d7-44ee4e166bda" />
  </TestLists>
  <TestEntries>
    <TestEntry testId="bc1a2ae7-5d58-4235-5dc3-8d7b7e36fb80" executionId="23c0873d-82c0-48af-ac36-8ab8a9c8de93" testListId="8c84fa94-04c1-424b-9868-57a2d4851a1d" />
  </TestEntries>
  <Results>
    <UnitTestResult executionId="23c0873d-82c0-48af-ac36-8ab8a9c8de93" testId="bc1a2ae7-5d58-4235-5dc3-8d7b7e36fb80" testName="CanPublishSubscribe" computerName="CHANGE-L0231" duration="00:00:00.0316246" startTime="2009-07-28T22:41:52.5790000+08:00" endTime="2009-07-28T22:41:53.1100000+08:00" testType="13cdc9d9-ddb5-4fa4-a97d-d965ccfc6d4b" outcome="Passed" testListId="8c84fa94-04c1-424b-9868-57a2d4851a1d">
      <Output>
        <StdOut>Dog
Cat</StdOut>
      </Output>
    </UnitTestResult>
  </Results>
</TestRun>