<?xml version="1.0" encoding="UTF-8"?>
<TestRun id="20c28bc4-1304-422f-8a5d-4775dd8f925a" name="nickh@CHANGE-L0231 2009-07-28 22:44:06" runUser="CHANGE\nickh" xmlns="http://microsoft.com/schemas/VisualStudio/TeamTest/2006">
  <TestRunConfiguration name="Local Test Run" id="990d52ff-4ff7-43d3-ad1d-c0cb25c2b396">
    <Description>This is a default test run configuration for a local test run.</Description>
    <Deployment runDeploymentRoot="C:\Projects\Paddle\src\TestResults\nickh_CHANGE-L0231 2009-07-28 22_44_06">
      <DeploymentItem filename="C:\Projects\Paddle\src\Paddle\bin\Debug\Paddle.dll" />
    </Deployment>
    <TestTypeSpecific />
  </TestRunConfiguration>
  <ResultSummary outcome="Completed">
    <Counters total="4" executed="4" passed="4" error="0" failed="0" timeout="0" aborted="0" inconclusive="0" passedButRunAborted="0" notRunnable="0" notExecuted="0" disconnected="0" warning="0" completed="0" inProgress="0" pending="0" />
  </ResultSummary>
  <Times creation="2009-07-28T22:44:06.1890000+08:00" queuing="2009-07-28T22:44:06.5410000+08:00" start="2009-07-28T22:44:06.5740000+08:00" finish="2009-07-28T22:44:07.2130000+08:00" />
  <TestDefinitions>
    <UnitTest name="CanPublishSubscribe" storage="c:\projects\paddle\paddle.test\bin\debug\paddle.test.dll" id="bc1a2ae7-5d58-4235-5dc3-8d7b7e36fb80">
      <Css projectStructure="" iteration="" />
      <Owners>
        <Owner name="" />
      </Owners>
      <Execution id="3a991ce6-8fdc-4880-a410-0ec7771322ea" />
      <TestMethod codeBase="C:\Projects\Paddle\Paddle.Test\bin\Debug\Paddle.Test.dll" adapterTypeName="Microsoft.VisualStudio.TestTools.TestTypes.Unit.UnitTestAdapter, Microsoft.VisualStudio.QualityTools.Tips.UnitTest.Adapter, Version=9.0.0.0, Culture=neutral, PublicKeyToken=b03f5f7f11d50a3a" className="Paddle.BusTest, Paddle.Test" name="CanPublishSubscribe" />
    </UnitTest>
    <UnitTest name="CannotUnsubscribeFromWithinPublish" storage="c:\projects\paddle\paddle.test\bin\debug\paddle.test.dll" id="8444c13e-e90d-3e2b-618f-75773a62405d">
      <Css projectStructure="" iteration="" />
      <Owners>
        <Owner name="" />
      </Owners>
      <Execution id="edb05648-0208-41f8-8746-9261f67c8b60" />
      <TestMethod codeBase="C:\Projects\Paddle\Paddle.Test\bin\Debug\Paddle.Test.dll" adapterTypeName="Microsoft.VisualStudio.TestTools.TestTypes.Unit.UnitTestAdapter, Microsoft.VisualStudio.QualityTools.Tips.UnitTest.Adapter, Version=9.0.0.0, Culture=neutral, PublicKeyToken=b03f5f7f11d50a3a" className="Paddle.BusTest, Paddle.Test" name="CannotUnsubscribeFromWithinPublish" />
    </UnitTest>
    <UnitTest name="CannotSubscribeFromWithinPublish" storage="c:\projects\paddle\paddle.test\bin\debug\paddle.test.dll" id="21593949-431d-b295-d8e8-e11c1b2d7933">
      <Css projectStructure="" iteration="" />
      <Owners>
        <Owner name="" />
      </Owners>
      <Execution id="bc8e795d-1519-4e2f-b543-3e4e5c5c9fe0" />
      <TestMethod codeBase="C:\Projects\Paddle\Paddle.Test\bin\Debug\Paddle.Test.dll" adapterTypeName="Microsoft.VisualStudio.TestTools.TestTypes.Unit.UnitTestAdapter, Microsoft.VisualStudio.QualityTools.Tips.UnitTest.Adapter, Version=9.0.0.0, Culture=neutral, PublicKeyToken=b03f5f7f11d50a3a" className="Paddle.BusTest, Paddle.Test" name="CannotSubscribeFromWithinPublish" />
    </UnitTest>
    <UnitTest name="CanUnsubscibe" storage="c:\projects\paddle\paddle.test\bin\debug\paddle.test.dll" id="40ab2078-0261-56e9-5871-30bfe9e8400a">
      <Css projectStructure="" iteration="" />
      <Owners>
        <Owner name="" />
      </Owners>
      <Execution id="7f8bad0d-957b-47e4-ac99-dff1b6e8a7a7" />
      <TestMethod codeBase="C:\Projects\Paddle\Paddle.Test\bin\Debug\Paddle.Test.dll" adapterTypeName="Microsoft.VisualStudio.TestTools.TestTypes.Unit.UnitTestAdapter, Microsoft.VisualStudio.QualityTools.Tips.UnitTest.Adapter, Version=9.0.0.0, Culture=neutral, PublicKeyToken=b03f5f7f11d50a3a" className="Paddle.BusTest, Paddle.Test" name="CanUnsubscibe" />
    </UnitTest>
  </TestDefinitions>
  <TestLists>
    <TestList name="Results Not in a List" id="8c84fa94-04c1-424b-9868-57a2d4851a1d" />
    <TestList name="All Loaded Results" id="19431567-8539-422a-85d7-44ee4e166bda" />
  </TestLists>
  <TestEntries>
    <TestEntry testId="21593949-431d-b295-d8e8-e11c1b2d7933" executionId="bc8e795d-1519-4e2f-b543-3e4e5c5c9fe0" testListId="8c84fa94-04c1-424b-9868-57a2d4851a1d" />
    <TestEntry testId="8444c13e-e90d-3e2b-618f-75773a62405d" executionId="edb05648-0208-41f8-8746-9261f67c8b60" testListId="8c84fa94-04c1-424b-9868-57a2d4851a1d" />
    <TestEntry testId="bc1a2ae7-5d58-4235-5dc3-8d7b7e36fb80" executionId="3a991ce6-8fdc-4880-a410-0ec7771322ea" testListId="8c84fa94-04c1-424b-9868-57a2d4851a1d" />
    <TestEntry testId="40ab2078-0261-56e9-5871-30bfe9e8400a" executionId="7f8bad0d-957b-47e4-ac99-dff1b6e8a7a7" testListId="8c84fa94-04c1-424b-9868-57a2d4851a1d" />
  </TestEntries>
  <Results>
    <UnitTestResult executionId="bc8e795d-1519-4e2f-b543-3e4e5c5c9fe0" testId="21593949-431d-b295-d8e8-e11c1b2d7933" testName="CannotSubscribeFromWithinPublish" computerName="CHANGE-L0231" duration="00:00:00.0327595" startTime="2009-07-28T22:44:06.6120000+08:00" endTime="2009-07-28T22:44:07.1860000+08:00" testType="13cdc9d9-ddb5-4fa4-a97d-d965ccfc6d4b" outcome="Passed" testListId="8c84fa94-04c1-424b-9868-57a2d4851a1d">
      <Output>
        <StdOut>Dog</StdOut>
      </Output>
    </UnitTestResult>
    <UnitTestResult executionId="edb05648-0208-41f8-8746-9261f67c8b60" testId="8444c13e-e90d-3e2b-618f-75773a62405d" testName="CannotUnsubscribeFromWithinPublish" computerName="CHANGE-L0231" duration="00:00:00.0062068" startTime="2009-07-28T22:44:07.1870000+08:00" endTime="2009-07-28T22:44:07.1960000+08:00" testType="13cdc9d9-ddb5-4fa4-a97d-d965ccfc6d4b" outcome="Passed" testListId="8c84fa94-04c1-424b-9868-57a2d4851a1d">
      <Output>
        <StdOut>Dog</StdOut>
      </Output>
    </UnitTestResult>
    <UnitTestResult executionId="3a991ce6-8fdc-4880-a410-0ec7771322ea" testId="bc1a2ae7-5d58-4235-5dc3-8d7b7e36fb80" testName="CanPublishSubscribe" computerName="CHANGE-L0231" duration="00:00:00.0013988" startTime="2009-07-28T22:44:07.1970000+08:00" endTime="2009-07-28T22:44:07.2010000+08:00" testType="13cdc9d9-ddb5-4fa4-a97d-d965ccfc6d4b" outcome="Passed" testListId="8c84fa94-04c1-424b-9868-57a2d4851a1d">
      <Output>
        <StdOut>Dog
Cat</StdOut>
      </Output>
    </UnitTestResult>
    <UnitTestResult executionId="7f8bad0d-957b-47e4-ac99-dff1b6e8a7a7" testId="40ab2078-0261-56e9-5871-30bfe9e8400a" testName="CanUnsubscibe" computerName="CHANGE-L0231" duration="00:00:00.0013723" startTime="2009-07-28T22:44:07.2020000+08:00" endTime="2009-07-28T22:44:07.2060000+08:00" testType="13cdc9d9-ddb5-4fa4-a97d-d965ccfc6d4b" outcome="Passed" testListId="8c84fa94-04c1-424b-9868-57a2d4851a1d">
      <Output>
      </Output>
    </UnitTestResult>
  </Results>
</TestRun>